[2024-05-21T16:20:36.445+0530] {local_task_job_runner.py:120} INFO - ::group::Pre task execution logs
[2024-05-21T16:20:36.459+0530] {taskinstance.py:2076} INFO - Dependencies all met for dep_context=non-requeueable deps ti=<TaskInstance: etl_dag.extract_task manual__2024-05-21T09:12:34.180878+00:00 [queued]>
[2024-05-21T16:20:36.462+0530] {taskinstance.py:2076} INFO - Dependencies all met for dep_context=requeueable deps ti=<TaskInstance: etl_dag.extract_task manual__2024-05-21T09:12:34.180878+00:00 [queued]>
[2024-05-21T16:20:36.462+0530] {taskinstance.py:2306} INFO - Starting attempt 7 of 8
[2024-05-21T16:20:36.521+0530] {taskinstance.py:2330} INFO - Executing <Task(PythonOperator): extract_task> on 2024-05-21 09:12:34.180878+00:00
[2024-05-21T16:20:36.524+0530] {standard_task_runner.py:63} INFO - Started process 87534 to run task
[2024-05-21T16:20:36.526+0530] {standard_task_runner.py:90} INFO - Running: ['airflow', 'tasks', 'run', 'etl_dag', 'extract_task', 'manual__2024-05-21T09:12:34.180878+00:00', '--job-id', '46', '--raw', '--subdir', 'DAGS_FOLDER/etl_dag.py', '--cfg-path', '/tmp/tmpk020d9ia']
[2024-05-21T16:20:36.527+0530] {standard_task_runner.py:91} INFO - Job 46: Subtask extract_task
[2024-05-21T16:20:36.604+0530] {task_command.py:426} INFO - Running <TaskInstance: etl_dag.extract_task manual__2024-05-21T09:12:34.180878+00:00 [running]> on host prince-5192
[2024-05-21T16:20:36.911+0530] {taskinstance.py:2648} INFO - Exporting env vars: AIRFLOW_CTX_DAG_EMAIL='prince.yadav@tothenew.com' AIRFLOW_CTX_DAG_OWNER='airflow' AIRFLOW_CTX_DAG_ID='etl_dag' AIRFLOW_CTX_TASK_ID='extract_task' AIRFLOW_CTX_EXECUTION_DATE='2024-05-21T09:12:34.180878+00:00' AIRFLOW_CTX_TRY_NUMBER='7' AIRFLOW_CTX_DAG_RUN_ID='manual__2024-05-21T09:12:34.180878+00:00'
[2024-05-21T16:20:36.912+0530] {taskinstance.py:430} INFO - ::endgroup::
[2024-05-21T16:20:36.922+0530] {logging_mixin.py:188} INFO - /////////////////// 	 Extracting Data from S3 Bucket  	///////////////////////////
[2024-05-21T16:20:36.925+0530] {base.py:84} INFO - Using connection ID 'aws_default' for task execution.
[2024-05-21T16:20:36.925+0530] {connection_wrapper.py:384} INFO - AWS Connection (conn_id='aws_default', conn_type='aws') credentials retrieved from login and password.
[2024-05-21T16:20:48.813+0530] {logging_mixin.py:188} INFO - /////////////////// 	 Reading data 	///////////////////////////
[2024-05-21T16:20:49.026+0530] {logging_mixin.py:188} INFO - /////////////////// 	 Pushing data to xcomm 	///////////////////////////
[2024-05-21T16:20:49.072+0530] {logging_mixin.py:188} INFO - /////////////////// 	 Extract Success 	///////////////////////////
[2024-05-21T16:20:49.074+0530] {python.py:237} INFO - Done. Returned value was: None
[2024-05-21T16:20:49.074+0530] {taskinstance.py:441} INFO - ::group::Post task execution logs
[2024-05-21T16:20:49.084+0530] {taskinstance.py:1206} INFO - Marking task as SUCCESS. dag_id=etl_dag, task_id=extract_task, run_id=manual__2024-05-21T09:12:34.180878+00:00, execution_date=20240521T091234, start_date=20240521T105036, end_date=20240521T105049
[2024-05-21T16:20:49.164+0530] {local_task_job_runner.py:240} INFO - Task exited with return code 0
[2024-05-21T16:20:49.173+0530] {taskinstance.py:3498} INFO - 1 downstream tasks scheduled from follow-on schedule check
[2024-05-21T16:20:49.213+0530] {local_task_job_runner.py:222} INFO - ::endgroup::
