[2024-05-21T16:26:23.317+0530] {local_task_job_runner.py:120} INFO - ::group::Pre task execution logs
[2024-05-21T16:26:23.330+0530] {taskinstance.py:2076} INFO - Dependencies all met for dep_context=non-requeueable deps ti=<TaskInstance: etl_dag.extract_task manual__2024-05-21T09:12:34.180878+00:00 [queued]>
[2024-05-21T16:26:23.333+0530] {taskinstance.py:2076} INFO - Dependencies all met for dep_context=requeueable deps ti=<TaskInstance: etl_dag.extract_task manual__2024-05-21T09:12:34.180878+00:00 [queued]>
[2024-05-21T16:26:23.333+0530] {taskinstance.py:2306} INFO - Starting attempt 8 of 9
[2024-05-21T16:26:23.394+0530] {taskinstance.py:2330} INFO - Executing <Task(PythonOperator): extract_task> on 2024-05-21 09:12:34.180878+00:00
[2024-05-21T16:26:23.396+0530] {standard_task_runner.py:63} INFO - Started process 92014 to run task
[2024-05-21T16:26:23.398+0530] {standard_task_runner.py:90} INFO - Running: ['airflow', 'tasks', 'run', 'etl_dag', 'extract_task', 'manual__2024-05-21T09:12:34.180878+00:00', '--job-id', '52', '--raw', '--subdir', 'DAGS_FOLDER/etl_dag.py', '--cfg-path', '/tmp/tmpgnx7iufg']
[2024-05-21T16:26:23.400+0530] {standard_task_runner.py:91} INFO - Job 52: Subtask extract_task
[2024-05-21T16:26:23.478+0530] {task_command.py:426} INFO - Running <TaskInstance: etl_dag.extract_task manual__2024-05-21T09:12:34.180878+00:00 [running]> on host prince-5192
[2024-05-21T16:26:23.629+0530] {taskinstance.py:2648} INFO - Exporting env vars: AIRFLOW_CTX_DAG_EMAIL='prince.yadav@tothenew.com' AIRFLOW_CTX_DAG_OWNER='airflow' AIRFLOW_CTX_DAG_ID='etl_dag' AIRFLOW_CTX_TASK_ID='extract_task' AIRFLOW_CTX_EXECUTION_DATE='2024-05-21T09:12:34.180878+00:00' AIRFLOW_CTX_TRY_NUMBER='8' AIRFLOW_CTX_DAG_RUN_ID='manual__2024-05-21T09:12:34.180878+00:00'
[2024-05-21T16:26:23.630+0530] {taskinstance.py:430} INFO - ::endgroup::
[2024-05-21T16:26:23.638+0530] {logging_mixin.py:188} INFO - /////////////////// 	 Extracting Data from S3 Bucket  	///////////////////////////
[2024-05-21T16:26:23.641+0530] {base.py:84} INFO - Using connection ID 'aws_default' for task execution.
[2024-05-21T16:26:23.641+0530] {connection_wrapper.py:384} INFO - AWS Connection (conn_id='aws_default', conn_type='aws') credentials retrieved from login and password.
[2024-05-21T16:26:31.059+0530] {logging_mixin.py:188} INFO - /////////////////// 	 Reading data 	///////////////////////////
[2024-05-21T16:26:31.295+0530] {logging_mixin.py:188} INFO - /////////////////// 	 Pushing data to xcomm 	///////////////////////////
[2024-05-21T16:26:31.392+0530] {logging_mixin.py:188} INFO - /////////////////// 	 Extract Success 	///////////////////////////
[2024-05-21T16:26:31.394+0530] {python.py:237} INFO - Done. Returned value was: None
[2024-05-21T16:26:31.395+0530] {taskinstance.py:441} INFO - ::group::Post task execution logs
[2024-05-21T16:26:31.403+0530] {taskinstance.py:1206} INFO - Marking task as SUCCESS. dag_id=etl_dag, task_id=extract_task, run_id=manual__2024-05-21T09:12:34.180878+00:00, execution_date=20240521T091234, start_date=20240521T105623, end_date=20240521T105631
[2024-05-21T16:26:31.543+0530] {local_task_job_runner.py:240} INFO - Task exited with return code 0
[2024-05-21T16:26:31.552+0530] {taskinstance.py:3498} INFO - 1 downstream tasks scheduled from follow-on schedule check
[2024-05-21T16:26:31.626+0530] {local_task_job_runner.py:222} INFO - ::endgroup::
