[2024-05-21T16:26:33.628+0530] {local_task_job_runner.py:120} INFO - ::group::Pre task execution logs
[2024-05-21T16:26:33.635+0530] {taskinstance.py:2076} INFO - Dependencies all met for dep_context=non-requeueable deps ti=<TaskInstance: etl_dag.transform_task manual__2024-05-21T09:12:34.180878+00:00 [queued]>
[2024-05-21T16:26:33.638+0530] {taskinstance.py:2076} INFO - Dependencies all met for dep_context=requeueable deps ti=<TaskInstance: etl_dag.transform_task manual__2024-05-21T09:12:34.180878+00:00 [queued]>
[2024-05-21T16:26:33.638+0530] {taskinstance.py:2306} INFO - Starting attempt 9 of 10
[2024-05-21T16:26:33.719+0530] {taskinstance.py:2330} INFO - Executing <Task(PythonOperator): transform_task> on 2024-05-21 09:12:34.180878+00:00
[2024-05-21T16:26:33.722+0530] {standard_task_runner.py:63} INFO - Started process 92155 to run task
[2024-05-21T16:26:33.724+0530] {standard_task_runner.py:90} INFO - Running: ['airflow', 'tasks', 'run', 'etl_dag', 'transform_task', 'manual__2024-05-21T09:12:34.180878+00:00', '--job-id', '53', '--raw', '--subdir', 'DAGS_FOLDER/etl_dag.py', '--cfg-path', '/tmp/tmpfl66lysa']
[2024-05-21T16:26:33.725+0530] {standard_task_runner.py:91} INFO - Job 53: Subtask transform_task
[2024-05-21T16:26:33.804+0530] {task_command.py:426} INFO - Running <TaskInstance: etl_dag.transform_task manual__2024-05-21T09:12:34.180878+00:00 [running]> on host prince-5192
[2024-05-21T16:26:34.057+0530] {taskinstance.py:2648} INFO - Exporting env vars: AIRFLOW_CTX_DAG_EMAIL='prince.yadav@tothenew.com' AIRFLOW_CTX_DAG_OWNER='airflow' AIRFLOW_CTX_DAG_ID='etl_dag' AIRFLOW_CTX_TASK_ID='transform_task' AIRFLOW_CTX_EXECUTION_DATE='2024-05-21T09:12:34.180878+00:00' AIRFLOW_CTX_TRY_NUMBER='9' AIRFLOW_CTX_DAG_RUN_ID='manual__2024-05-21T09:12:34.180878+00:00'
[2024-05-21T16:26:34.057+0530] {taskinstance.py:430} INFO - ::endgroup::
[2024-05-21T16:26:34.065+0530] {logging_mixin.py:188} INFO - /////////////////// 	 Pulling Data from xcomm 	///////////////////////////
[2024-05-21T16:26:34.068+0530] {logging_mixin.py:188} INFO - /////////////////// 	 Reading Data	///////////////////////////
[2024-05-21T16:26:34.083+0530] {logging_mixin.py:188} INFO - /////////////////// 	 Pushing data to xcomm 	///////////////////////////
[2024-05-21T16:26:34.136+0530] {logging_mixin.py:188} INFO - /////////////////// 	 Transform completed 	///////////////////////////
[2024-05-21T16:26:34.137+0530] {python.py:237} INFO - Done. Returned value was: None
[2024-05-21T16:26:34.137+0530] {taskinstance.py:441} INFO - ::group::Post task execution logs
[2024-05-21T16:26:34.145+0530] {taskinstance.py:1206} INFO - Marking task as SUCCESS. dag_id=etl_dag, task_id=transform_task, run_id=manual__2024-05-21T09:12:34.180878+00:00, execution_date=20240521T091234, start_date=20240521T105633, end_date=20240521T105634
[2024-05-21T16:26:34.217+0530] {local_task_job_runner.py:240} INFO - Task exited with return code 0
[2024-05-21T16:26:34.228+0530] {taskinstance.py:3498} INFO - 1 downstream tasks scheduled from follow-on schedule check
[2024-05-21T16:26:34.273+0530] {local_task_job_runner.py:222} INFO - ::endgroup::
