[2024-05-21T16:21:14.108+0530] {local_task_job_runner.py:120} INFO - ::group::Pre task execution logs
[2024-05-21T16:21:14.121+0530] {taskinstance.py:2076} INFO - Dependencies all met for dep_context=non-requeueable deps ti=<TaskInstance: etl_dag.email_notify manual__2024-05-21T09:12:34.180878+00:00 [queued]>
[2024-05-21T16:21:14.125+0530] {taskinstance.py:2076} INFO - Dependencies all met for dep_context=requeueable deps ti=<TaskInstance: etl_dag.email_notify manual__2024-05-21T09:12:34.180878+00:00 [queued]>
[2024-05-21T16:21:14.125+0530] {taskinstance.py:2306} INFO - Starting attempt 3 of 4
[2024-05-21T16:21:14.185+0530] {taskinstance.py:2330} INFO - Executing <Task(EmailOperator): email_notify> on 2024-05-21 09:12:34.180878+00:00
[2024-05-21T16:21:14.188+0530] {standard_task_runner.py:63} INFO - Started process 88101 to run task
[2024-05-21T16:21:14.190+0530] {standard_task_runner.py:90} INFO - Running: ['airflow', 'tasks', 'run', 'etl_dag', 'email_notify', 'manual__2024-05-21T09:12:34.180878+00:00', '--job-id', '49', '--raw', '--subdir', 'DAGS_FOLDER/etl_dag.py', '--cfg-path', '/tmp/tmpx3msohlx']
[2024-05-21T16:21:14.191+0530] {standard_task_runner.py:91} INFO - Job 49: Subtask email_notify
[2024-05-21T16:21:14.269+0530] {task_command.py:426} INFO - Running <TaskInstance: etl_dag.email_notify manual__2024-05-21T09:12:34.180878+00:00 [running]> on host prince-5192
[2024-05-21T16:21:14.370+0530] {taskinstance.py:2648} INFO - Exporting env vars: AIRFLOW_CTX_DAG_EMAIL='prince.yadav@tothenew.com' AIRFLOW_CTX_DAG_OWNER='airflow' AIRFLOW_CTX_DAG_ID='etl_dag' AIRFLOW_CTX_TASK_ID='email_notify' AIRFLOW_CTX_EXECUTION_DATE='2024-05-21T09:12:34.180878+00:00' AIRFLOW_CTX_TRY_NUMBER='3' AIRFLOW_CTX_DAG_RUN_ID='manual__2024-05-21T09:12:34.180878+00:00'
[2024-05-21T16:21:14.371+0530] {taskinstance.py:430} INFO - ::endgroup::
[2024-05-21T16:21:14.384+0530] {logging_mixin.py:188} WARNING - /home/prince/airflow-workspace/env/lib/python3.10/site-packages/airflow/utils/email.py:154 RemovedInAirflow3Warning: Fetching SMTP credentials from configuration variables will be deprecated in a future release. Please set credentials using a connection instead.
[2024-05-21T16:21:14.385+0530] {email.py:271} INFO - Email alerting: attempt 1
[2024-05-21T16:21:27.401+0530] {taskinstance.py:441} INFO - ::group::Post task execution logs
[2024-05-21T16:21:27.401+0530] {taskinstance.py:2905} ERROR - Task failed with exception
Traceback (most recent call last):
  File "/home/prince/airflow-workspace/env/lib/python3.10/site-packages/airflow/models/taskinstance.py", line 465, in _execute_task
    result = _execute_callable(context=context, **execute_callable_kwargs)
  File "/home/prince/airflow-workspace/env/lib/python3.10/site-packages/airflow/models/taskinstance.py", line 432, in _execute_callable
    return execute_callable(context=context, **execute_callable_kwargs)
  File "/home/prince/airflow-workspace/env/lib/python3.10/site-packages/airflow/models/baseoperator.py", line 400, in wrapper
    return func(self, *args, **kwargs)
  File "/home/prince/airflow-workspace/env/lib/python3.10/site-packages/airflow/operators/email.py", line 79, in execute
    send_email(
  File "/home/prince/airflow-workspace/env/lib/python3.10/site-packages/airflow/utils/email.py", line 80, in send_email
    return backend(
  File "/home/prince/airflow-workspace/env/lib/python3.10/site-packages/airflow/utils/email.py", line 154, in send_email_smtp
    send_mime_email(e_from=mail_from, e_to=recipients, mime_msg=msg, conn_id=conn_id, dryrun=dryrun)
  File "/home/prince/airflow-workspace/env/lib/python3.10/site-packages/airflow/utils/email.py", line 281, in send_mime_email
    smtp_conn.login(smtp_user, smtp_password)
  File "/usr/lib/python3.10/smtplib.py", line 750, in login
    raise last_exception
  File "/usr/lib/python3.10/smtplib.py", line 739, in login
    (code, resp) = self.auth(
  File "/usr/lib/python3.10/smtplib.py", line 662, in auth
    raise SMTPAuthenticationError(code, resp)
smtplib.SMTPAuthenticationError: (534, b'5.7.9 Application-specific password required. For more information, go to\n5.7.9  https://support.google.com/mail/?p=InvalidSecondFactor d9443c01a7336-1f3036b25cdsm30979315ad.147 - gsmtp')
[2024-05-21T16:21:27.404+0530] {taskinstance.py:1206} INFO - Marking task as UP_FOR_RETRY. dag_id=etl_dag, task_id=email_notify, run_id=manual__2024-05-21T09:12:34.180878+00:00, execution_date=20240521T091234, start_date=20240521T105114, end_date=20240521T105127
[2024-05-21T16:21:27.612+0530] {standard_task_runner.py:110} ERROR - Failed to execute job 49 for task email_notify ((534, b'5.7.9 Application-specific password required. For more information, go to\n5.7.9  https://support.google.com/mail/?p=InvalidSecondFactor d9443c01a7336-1f3036b25cdsm30979315ad.147 - gsmtp'); 88101)
[2024-05-21T16:21:27.621+0530] {local_task_job_runner.py:240} INFO - Task exited with return code 1
[2024-05-21T16:21:27.627+0530] {taskinstance.py:3498} INFO - 0 downstream tasks scheduled from follow-on schedule check
[2024-05-21T16:21:27.628+0530] {local_task_job_runner.py:222} INFO - ::endgroup::
